[08九月2019 01:12:15.873] [User Authenticator #16/INFO] [net.minecraft.network.NetHandlerLoginServer/]: UUID of player Ryan0gard is 3cd4c924-3118-488e-af1b-28b8d4b91537
[08九月2019 01:12:16.771] [Server thread/INFO] [net.minecraft.server.management.PlayerList/]: Ryan0gard[/71.95.53.87:57205] logged in with entity id 1021520 at (561.0413702460485, 69.0, -519.2340224003875)
[08九月2019 01:12:16.775] [Server thread/INFO] [net.minecraft.server.dedicated.DedicatedServer/]: Ryan0gard joined the game
[08九月2019 01:12:16.787] [Netty Epoll Server IO #0/ERROR] [net.minecraft.command.arguments.ArgumentTypes/]: Could not serialize biomesoplenty.common.command.BiomeArgument@6017d8b8 (class biomesoplenty.common.command.BiomeArgument) - will not be sent to client!
[08九月2019 01:12:37.343] [Netty Epoll Server IO #0/ERROR] [net.minecraft.command.arguments.ArgumentTypes/]: Could not serialize biomesoplenty.common.command.BiomeArgument@6017d8b8 (class biomesoplenty.common.command.BiomeArgument) - will not be sent to client!
[08九月2019 01:12:39.580] [Server thread/WARN] [net.minecraft.server.MinecraftServer/]: Can't keep up! Is the server overloaded? Running 2181ms or 43 ticks behind
[08九月2019 01:14:48.123] [Netty Epoll Server IO #0/ERROR] [net.minecraft.command.arguments.ArgumentTypes/]: Could not serialize biomesoplenty.common.command.BiomeArgument@6017d8b8 (class biomesoplenty.common.command.BiomeArgument) - will not be sent to client!
[08九月2019 01:14:50.185] [Server thread/WARN] [net.minecraft.server.MinecraftServer/]: Can't keep up! Is the server overloaded? Running 2036ms or 40 ticks behind
[08九月2019 01:19:03.792] [Netty Epoll Server IO #0/ERROR] [net.minecraft.command.arguments.ArgumentTypes/]: Could not serialize biomesoplenty.common.command.BiomeArgument@6017d8b8 (class biomesoplenty.common.command.BiomeArgument) - will not be sent to client!
[08九月2019 01:28:46.973] [Netty Epoll Server IO #0/ERROR] [net.minecraft.command.arguments.ArgumentTypes/]: Could not serialize biomesoplenty.common.command.BiomeArgument@6017d8b8 (class biomesoplenty.common.command.BiomeArgument) - will not be sent to client!
[08九月2019 01:28:49.006] [Server thread/WARN] [net.minecraft.server.MinecraftServer/]: Can't keep up! Is the server overloaded? Running 2007ms or 40 ticks behind
[08九月2019 01:33:49.799] [Netty Epoll Server IO #0/ERROR] [net.minecraft.command.arguments.ArgumentTypes/]: Could not serialize biomesoplenty.common.command.BiomeArgument@6017d8b8 (class biomesoplenty.common.command.BiomeArgument) - will not be sent to client!
[08九月2019 01:40:22.166] [Netty Epoll Server IO #0/ERROR] [net.minecraft.command.arguments.ArgumentTypes/]: Could not serialize biomesoplenty.common.command.BiomeArgument@6017d8b8 (class biomesoplenty.common.command.BiomeArgument) - will not be sent to client!
[08九月2019 01:40:24.482] [Server thread/WARN] [net.minecraft.server.MinecraftServer/]: Can't keep up! Is the server overloaded? Running 2233ms or 44 ticks behind
[08九月2019 01:44:44.256] [Netty Epoll Server IO #0/ERROR] [net.minecraft.command.arguments.ArgumentTypes/]: Could not serialize biomesoplenty.common.command.BiomeArgument@6017d8b8 (class biomesoplenty.common.command.BiomeArgument) - will not be sent to client!
[08九月2019 01:44:46.153] [Server thread/WARN] [net.minecraft.server.MinecraftServer/]: Can't keep up! Is the server overloaded? Running 2053ms or 41 ticks behind
[08九月2019 01:50:18.119] [Netty Epoll Server IO #0/ERROR] [net.minecraft.command.arguments.ArgumentTypes/]: Could not serialize biomesoplenty.common.command.BiomeArgument@6017d8b8 (class biomesoplenty.common.command.BiomeArgument) - will not be sent to client!
[08九月2019 01:50:20.438] [Server thread/WARN] [net.minecraft.server.MinecraftServer/]: Can't keep up! Is the server overloaded? Running 2239ms or 44 ticks behind
[08九月2019 01:51:31.392] [Netty Epoll Server IO #0/ERROR] [net.minecraft.command.arguments.ArgumentTypes/]: Could not serialize biomesoplenty.common.command.BiomeArgument@6017d8b8 (class biomesoplenty.common.command.BiomeArgument) - will not be sent to client!
[08九月2019 01:55:20.617] [Netty Epoll Server IO #0/ERROR] [net.minecraft.command.arguments.ArgumentTypes/]: Could not serialize biomesoplenty.common.command.BiomeArgument@6017d8b8 (class biomesoplenty.common.command.BiomeArgument) - will not be sent to client!
[08九月2019 01:55:22.917] [Server thread/WARN] [net.minecraft.server.MinecraftServer/]: Can't keep up! Is the server overloaded? Running 2218ms or 44 ticks behind
[08九月2019 02:00:08.143] [Netty Epoll Server IO #0/ERROR] [net.minecraft.command.arguments.ArgumentTypes/]: Could not serialize biomesoplenty.common.command.BiomeArgument@6017d8b8 (class biomesoplenty.common.command.BiomeArgument) - will not be sent to client!
[08九月2019 02:01:33.665] [Server thread/INFO] [net.minecraft.server.dedicated.DedicatedServer/]: Ryan0gard has made the advancement [Into Fire]
[08九月2019 02:09:21.617] [Netty Epoll Server IO #0/ERROR] [net.minecraft.command.arguments.ArgumentTypes/]: Could not serialize biomesoplenty.common.command.BiomeArgument@6017d8b8 (class biomesoplenty.common.command.BiomeArgument) - will not be sent to client!
[08九月2019 02:09:23.667] [Server thread/WARN] [net.minecraft.server.MinecraftServer/]: Can't keep up! Is the server overloaded? Running 2018ms or 40 ticks behind
[08九月2019 02:13:56.644] [Netty Epoll Server IO #0/ERROR] [net.minecraft.command.arguments.ArgumentTypes/]: Could not serialize biomesoplenty.common.command.BiomeArgument@6017d8b8 (class biomesoplenty.common.command.BiomeArgument) - will not be sent to client!
[08九月2019 02:16:23.320] [Netty Epoll Server IO #0/ERROR] [net.minecraft.command.arguments.ArgumentTypes/]: Could not serialize biomesoplenty.common.command.BiomeArgument@6017d8b8 (class biomesoplenty.common.command.BiomeArgument) - will not be sent to client!
[08九月2019 02:16:25.640] [Server thread/WARN] [net.minecraft.server.MinecraftServer/]: Can't keep up! Is the server overloaded? Running 2240ms or 44 ticks behind
[08九月2019 02:21:33.844] [Netty Epoll Server IO #0/ERROR] [net.minecraft.command.arguments.ArgumentTypes/]: Could not serialize biomesoplenty.common.command.BiomeArgument@6017d8b8 (class biomesoplenty.common.command.BiomeArgument) - will not be sent to client!
[08九月2019 02:24:55.570] [Netty Epoll Server IO #0/ERROR] [net.minecraft.command.arguments.ArgumentTypes/]: Could not serialize biomesoplenty.common.command.BiomeArgument@6017d8b8 (class biomesoplenty.common.command.BiomeArgument) - will not be sent to client!
[08九月2019 02:24:57.857] [Server thread/WARN] [net.minecraft.server.MinecraftServer/]: Can't keep up! Is the server overloaded? Running 2208ms or 44 ticks behind
[08九月2019 02:26:18.948] [Netty Epoll Server IO #0/ERROR] [net.minecraft.command.arguments.ArgumentTypes/]: Could not serialize biomesoplenty.common.command.BiomeArgument@6017d8b8 (class biomesoplenty.common.command.BiomeArgument) - will not be sent to client!
[08九月2019 02:27:05.067] [Netty Epoll Server IO #0/ERROR] [net.minecraft.command.arguments.ArgumentTypes/]: Could not serialize biomesoplenty.common.command.BiomeArgument@6017d8b8 (class biomesoplenty.common.command.BiomeArgument) - will not be sent to client!
[08九月2019 02:27:07.394] [Server thread/WARN] [net.minecraft.server.MinecraftServer/]: Can't keep up! Is the server overloaded? Running 2244ms or 44 ticks behind
[08九月2019 02:31:40.755] [Server thread/INFO] [net.minecraft.server.dedicated.DedicatedServer/]: [Ryan0gard: Teleported Ryan0gard to 434.5, 71.0, -150.5]
[08九月2019 02:31:42.524] [Server thread/INFO] [net.minecraft.server.dedicated.DedicatedServer/]: [Ryan0gard: Teleported Ryan0gard to 407.5, 69.0, -154.5]
[08九月2019 02:31:43.651] [Server thread/INFO] [net.minecraft.server.dedicated.DedicatedServer/]: [Ryan0gard: Teleported Ryan0gard to 411.5, 70.0, -175.5]
[08九月2019 02:34:28.384] [Server thread/INFO] [net.minecraft.server.dedicated.DedicatedServer/]: [Ryan0gard: Teleported Ryan0gard to 324.5, 63.0, -316.5]
[08九月2019 02:36:21.156] [Server thread/INFO] [net.minecraft.server.dedicated.DedicatedServer/]: [Ryan0gard: Teleported Ryan0gard to 512.5, 86.0, -491.5]
[08九月2019 02:36:25.063] [Server thread/INFO] [net.minecraft.server.dedicated.DedicatedServer/]: [Ryan0gard: Teleported Ryan0gard to 596.5, 68.0, -487.5]
[08九月2019 02:36:28.901] [Server thread/INFO] [net.minecraft.server.dedicated.DedicatedServer/]: [Ryan0gard: Teleported Ryan0gard to 598.5, 87.0, -506.5]
[08九月2019 02:37:16.009] [Server thread/INFO] [net.minecraft.server.dedicated.DedicatedServer/]: [Ryan0gard: Teleported Ryan0gard to 357.5, 71.0, -219.5]
[08九月2019 02:39:04.992] [Server thread/WARN] [net.minecraft.server.MinecraftServer/]: Can't keep up! Is the server overloaded? Running 4092ms or 81 ticks behind
[08九月2019 02:42:08.612] [Server thread/INFO] [net.minecraft.server.dedicated.DedicatedServer/]: [Ryan0gard: Teleported Ryan0gard to 570.5, 82.0, -523.5]
[08九月2019 02:50:36.657] [Server thread/INFO] [net.minecraft.server.dedicated.DedicatedServer/]: [Ryan0gard: Teleported Ryan0gard to 546.5, 70.0, -563.5]
[08九月2019 02:50:39.017] [Server thread/INFO] [net.minecraft.server.dedicated.DedicatedServer/]: [Ryan0gard: Teleported Ryan0gard to 599.5, 95.0, -510.5]
[08九月2019 02:55:47.156] [Server thread/INFO] [net.minecraft.server.dedicated.DedicatedServer/]: [Ryan0gard: Teleported Ryan0gard to 555.5, 74.0, -565.5]
[08九月2019 02:55:51.057] [Server thread/INFO] [net.minecraft.server.dedicated.DedicatedServer/]: [Ryan0gard: Teleported Ryan0gard to 681.5, 63.0, -414.5]
[08九月2019 02:55:52.444] [Server thread/INFO] [net.minecraft.server.dedicated.DedicatedServer/]: [Ryan0gard: Teleported Ryan0gard to 648.5, 63.0, -433.5]
[08九月2019 02:55:53.699] [Server thread/INFO] [net.minecraft.server.dedicated.DedicatedServer/]: [Ryan0gard: Teleported Ryan0gard to 609.5, 63.0, -478.5]
[08九月2019 02:55:55.472] [Server thread/INFO] [net.minecraft.server.dedicated.DedicatedServer/]: [Ryan0gard: Teleported Ryan0gard to 581.5, 88.0, -515.5]
[08九月2019 02:55:57.271] [Server thread/INFO] [net.minecraft.server.dedicated.DedicatedServer/]: [Ryan0gard: Teleported Ryan0gard to 577.5, 88.0, -514.5]
[08九月2019 02:55:58.650] [Server thread/INFO] [net.minecraft.server.dedicated.DedicatedServer/]: [Ryan0gard: Teleported Ryan0gard to 606.5, 84.0, -506.5]
[08九月2019 02:57:38.833] [Server thread/INFO] [net.minecraft.network.NetHandlerPlayServer/]: Ryan0gard lost connection: Disconnected
[08九月2019 02:57:38.834] [Server thread/INFO] [net.minecraft.server.dedicated.DedicatedServer/]: Ryan0gard left the game
[08九月2019 21:47:42.481] [User Authenticator #17/INFO] [net.minecraft.network.NetHandlerLoginServer/]: UUID of player Ryan0gard is 3cd4c924-3118-488e-af1b-28b8d4b91537
[08九月2019 21:47:43.470] [Server thread/INFO] [net.minecraft.server.management.PlayerList/]: Ryan0gard[/71.95.53.87:60008] logged in with entity id 1167624 at (589.5, 88.02159847259522, -509.5)
[08九月2019 21:47:43.473] [Server thread/INFO] [net.minecraft.server.dedicated.DedicatedServer/]: Ryan0gard joined the game
[08九月2019 21:47:43.487] [Netty Epoll Server IO #3/ERROR] [net.minecraft.command.arguments.ArgumentTypes/]: Could not serialize biomesoplenty.common.command.BiomeArgument@6017d8b8 (class biomesoplenty.common.command.BiomeArgument) - will not be sent to client!
[08九月2019 21:59:36.992] [Netty Epoll Server IO #3/ERROR] [net.minecraft.command.arguments.ArgumentTypes/]: Could not serialize biomesoplenty.common.command.BiomeArgument@6017d8b8 (class biomesoplenty.common.command.BiomeArgument) - will not be sent to client!
[08九月2019 21:59:39.250] [Server thread/WARN] [net.minecraft.server.MinecraftServer/]: Can't keep up! Is the server overloaded? Running 2200ms or 44 ticks behind
[08九月2019 22:14:17.952] [Server thread/WARN] [net.minecraft.server.MinecraftServer/]: Can't keep up! Is the server overloaded? Running 2003ms or 40 ticks behind
[08九月2019 22:33:57.468] [Netty Epoll Server IO #3/ERROR] [net.minecraft.command.arguments.ArgumentTypes/]: Could not serialize biomesoplenty.common.command.BiomeArgument@6017d8b8 (class biomesoplenty.common.command.BiomeArgument) - will not be sent to client!
[08九月2019 22:33:59.778] [Server thread/WARN] [net.minecraft.server.MinecraftServer/]: Can't keep up! Is the server overloaded? Running 2229ms or 44 ticks behind
[08九月2019 22:42:16.298] [Netty Epoll Server IO #3/ERROR] [net.minecraft.command.arguments.ArgumentTypes/]: Could not serialize biomesoplenty.common.command.BiomeArgument@6017d8b8 (class biomesoplenty.common.command.BiomeArgument) - will not be sent to client!
[08九月2019 22:59:09.414] [Netty Epoll Server IO #3/ERROR] [net.minecraft.command.arguments.ArgumentTypes/]: Could not serialize biomesoplenty.common.command.BiomeArgument@6017d8b8 (class biomesoplenty.common.command.BiomeArgument) - will not be sent to client!
[08九月2019 22:59:11.813] [Server thread/WARN] [net.minecraft.server.MinecraftServer/]: Can't keep up! Is the server overloaded? Running 2313ms or 46 ticks behind
[08九月2019 23:02:35.751] [Server thread/INFO] [net.minecraft.server.dedicated.DedicatedServer/]: [Ryan0gard: Teleported Ryan0gard to 437.5, 71.0, -217.5]
[08九月2019 23:02:37.569] [Server thread/INFO] [net.minecraft.server.dedicated.DedicatedServer/]: [Ryan0gard: Teleported Ryan0gard to 411.5, 70.0, -197.5]
[08九月2019 23:15:53.981] [Server thread/INFO] [net.minecraft.network.NetHandlerPlayServer/]: Ryan0gard lost connection: Disconnected
[08九月2019 23:15:53.982] [Server thread/INFO] [net.minecraft.server.dedicated.DedicatedServer/]: Ryan0gard left the game
[08九月2019 23:16:06.353] [User Authenticator #18/INFO] [net.minecraft.network.NetHandlerLoginServer/]: UUID of player Ryan0gard is 3cd4c924-3118-488e-af1b-28b8d4b91537
[08九月2019 23:16:07.202] [Server thread/INFO] [net.minecraft.server.management.PlayerList/]: Ryan0gard[/71.95.53.87:60163] logged in with entity id 1248631 at (370.0555261551069, 71.0, -206.15926551842725)
[08九月2019 23:16:07.204] [Server thread/INFO] [net.minecraft.server.dedicated.DedicatedServer/]: Ryan0gard joined the game
[08九月2019 23:16:07.219] [Netty Epoll Server IO #5/ERROR] [net.minecraft.command.arguments.ArgumentTypes/]: Could not serialize biomesoplenty.common.command.BiomeArgument@6017d8b8 (class biomesoplenty.common.command.BiomeArgument) - will not be sent to client!
[08九月2019 23:16:12.707] [Server thread/INFO] [net.minecraft.server.dedicated.DedicatedServer/]: [Ryan0gard: Teleported Ryan0gard to 331.5, 63.0, -359.5]
[08九月2019 23:16:15.908] [Server thread/INFO] [net.minecraft.server.dedicated.DedicatedServer/]: [Ryan0gard: Teleported Ryan0gard to 525.5, 88.0, -473.5]
[08九月2019 23:16:19.251] [Server thread/INFO] [net.minecraft.server.dedicated.DedicatedServer/]: [Ryan0gard: Teleported Ryan0gard to 558.5, 66.0, -461.5]
[08九月2019 23:16:20.587] [Server thread/INFO] [net.minecraft.server.dedicated.DedicatedServer/]: [Ryan0gard: Teleported Ryan0gard to 569.5, 95.0, -491.5]
[08九月2019 23:16:23.260] [Server thread/INFO] [net.minecraft.server.dedicated.DedicatedServer/]: [Ryan0gard: Teleported Ryan0gard to 600.5, 69.0, -495.5]
[08九月2019 23:17:15.552] [Server thread/INFO] [net.minecraft.server.dedicated.DedicatedServer/]: [Ryan0gard: Teleported Ryan0gard to 660.5, 67.0, -409.5]
[08九月2019 23:17:18.668] [Server thread/INFO] [net.minecraft.server.dedicated.DedicatedServer/]: [Ryan0gard: Teleported Ryan0gard to 509.5, 84.0, -403.5]
[08九月2019 23:17:23.601] [Server thread/INFO] [net.minecraft.server.dedicated.DedicatedServer/]: [Ryan0gard: Teleported Ryan0gard to 526.5, 69.0, -382.5]
[08九月2019 23:17:26.852] [Server thread/INFO] [net.minecraft.server.dedicated.DedicatedServer/]: [Ryan0gard: Teleported Ryan0gard to 521.5, 68.0, -385.5]
[08九月2019 23:17:37.355] [Server thread/INFO] [net.minecraft.server.dedicated.DedicatedServer/]: [Ryan0gard: Teleported Ryan0gard to 415.5, 70.0, -193.5]
[08九月2019 23:22:00.576] [User Authenticator #19/INFO] [net.minecraft.network.NetHandlerLoginServer/]: UUID of player Wang_Wang_ is 6d411b06-a543-4b83-a949-c2486fc14beb
[08九月2019 23:22:06.095] [Server thread/INFO] [net.minecraft.server.management.PlayerList/]: Wang_Wang_[/159.118.173.74:49962] logged in with entity id 1268489 at (589.4769587624456, 88.0, -513.3914940080623)
[08九月2019 23:22:06.099] [Server thread/INFO] [net.minecraft.server.dedicated.DedicatedServer/]: Wang_Wang_ joined the game
[08九月2019 23:22:06.109] [Netty Epoll Server IO #7/ERROR] [net.minecraft.command.arguments.ArgumentTypes/]: Could not serialize biomesoplenty.common.command.BiomeArgument@6017d8b8 (class biomesoplenty.common.command.BiomeArgument) - will not be sent to client!
[08九月2019 23:22:17.353] [Server thread/WARN] [net.minecraft.server.MinecraftServer/]: Can't keep up! Is the server overloaded? Running 2003ms or 40 ticks behind
[08九月2019 23:22:39.805] [Server thread/WARN] [net.minecraft.server.MinecraftServer/]: Can't keep up! Is the server overloaded? Running 2005ms or 40 ticks behind
[08九月2019 23:23:05.350] [Server thread/WARN] [net.minecraft.server.MinecraftServer/]: Can't keep up! Is the server overloaded? Running 2001ms or 40 ticks behind
[08九月2019 23:23:22.362] [Server thread/WARN] [net.minecraft.server.MinecraftServer/]: Can't keep up! Is the server overloaded? Running 2013ms or 40 ticks behind
[08九月2019 23:23:41.085] [Server thread/WARN] [net.minecraft.server.MinecraftServer/]: Can't keep up! Is the server overloaded? Running 3735ms or 74 ticks behind
[08九月2019 23:23:49.142] [Server thread/WARN] [net.minecraft.network.NetHandlerPlayServer/]: Wang_Wang_ moved too quickly! 8.567710918852868,0.0,-5.537336172413006
[08九月2019 23:23:58.115] [Server thread/WARN] [net.minecraft.server.MinecraftServer/]: Can't keep up! Is the server overloaded? Running 2065ms or 41 ticks behind
[08九月2019 23:24:28.259] [Server thread/WARN] [net.minecraft.server.MinecraftServer/]: Can't keep up! Is the server overloaded? Running 2010ms or 40 ticks behind
[08九月2019 23:24:41.000] [Server thread/INFO] [net.minecraft.server.dedicated.DedicatedServer/]: [Wang_Wang_: Teleported Wang_Wang_ to 591.5, 88.0, -511.5]
[08九月2019 23:24:45.902] [Server thread/WARN] [net.minecraft.server.MinecraftServer/]: Can't keep up! Is the server overloaded? Running 2002ms or 40 ticks behind
[08九月2019 23:25:10.254] [Server thread/WARN] [net.minecraft.server.MinecraftServer/]: Can't keep up! Is the server overloaded? Running 2004ms or 40 ticks behind
[08九月2019 23:25:28.106] [Server thread/WARN] [net.minecraft.server.MinecraftServer/]: Can't keep up! Is the server overloaded? Running 2857ms or 57 ticks behind
[08九月2019 23:25:43.258] [Server thread/INFO] [net.minecraft.server.dedicated.DedicatedServer/]: [Ryan0gard: Teleported Ryan0gard to 663.5, 63.0, -470.5]
[08九月2019 23:25:45.240] [Server thread/WARN] [net.minecraft.server.MinecraftServer/]: Can't keep up! Is the server overloaded? Running 2141ms or 42 ticks behind
[08九月2019 23:25:46.046] [Server thread/INFO] [net.minecraft.server.dedicated.DedicatedServer/]: [Ryan0gard: Teleported Ryan0gard to 624.5, 63.0, -488.5]
[08九月2019 23:25:47.356] [Server thread/INFO] [net.minecraft.server.dedicated.DedicatedServer/]: [Ryan0gard: Teleported Ryan0gard to 607.5, 68.0, -498.5]
[08九月2019 23:25:48.933] [Server thread/INFO] [net.minecraft.server.dedicated.DedicatedServer/]: [Ryan0gard: Teleported Ryan0gard to 591.5, 80.0, -496.5]
[08九月2019 23:30:01.997] [Netty Epoll Server IO #7/ERROR] [net.minecraft.command.arguments.ArgumentTypes/]: Could not serialize biomesoplenty.common.command.BiomeArgument@6017d8b8 (class biomesoplenty.common.command.BiomeArgument) - will not be sent to client!
[08九月2019 23:30:38.752] [Server thread/WARN] [net.minecraft.server.MinecraftServer/]: Can't keep up! Is the server overloaded? Running 2002ms or 40 ticks behind
[08九月2019 23:32:10.254] [Server thread/WARN] [net.minecraft.server.MinecraftServer/]: Can't keep up! Is the server overloaded? Running 2004ms or 40 ticks behind
[08九月2019 23:33:33.097] [Netty Epoll Server IO #5/ERROR] [net.minecraft.command.arguments.ArgumentTypes/]: Could not serialize biomesoplenty.common.command.BiomeArgument@6017d8b8 (class biomesoplenty.common.command.BiomeArgument) - will not be sent to client!
[08九月2019 23:33:51.424] [Netty Epoll Server IO #7/ERROR] [net.minecraft.command.arguments.ArgumentTypes/]: Could not serialize biomesoplenty.common.command.BiomeArgument@6017d8b8 (class biomesoplenty.common.command.BiomeArgument) - will not be sent to client!
[08九月2019 23:33:53.511] [Server thread/WARN] [net.minecraft.server.MinecraftServer/]: Can't keep up! Is the server overloaded? Running 2061ms or 41 ticks behind
[08九月2019 23:34:04.270] [Server thread/INFO] [net.minecraft.server.dedicated.DedicatedServer/]: [Wang_Wang_: Teleported Wang_Wang_ to 587.5, 88.0, -513.5]
[08九月2019 23:34:09.453] [Server thread/INFO] [net.minecraft.network.NetHandlerPlayServer/]: Wang_Wang_ lost connection: Disconnected
[08九月2019 23:34:09.453] [Server thread/INFO] [net.minecraft.server.dedicated.DedicatedServer/]: Wang_Wang_ left the game
[08九月2019 23:35:59.516] [Netty Epoll Server IO #5/ERROR] [net.minecraft.command.arguments.ArgumentTypes/]: Could not serialize biomesoplenty.common.command.BiomeArgument@6017d8b8 (class biomesoplenty.common.command.BiomeArgument) - will not be sent to client!
[08九月2019 23:36:01.837] [Server thread/WARN] [net.minecraft.server.MinecraftServer/]: Can't keep up! Is the server overloaded? Running 2238ms or 44 ticks behind
[08九月2019 23:37:05.139] [Server thread/INFO] [net.minecraft.network.NetHandlerPlayServer/]: Ryan0gard lost connection: Disconnected
[08九月2019 23:37:05.139] [Server thread/INFO] [net.minecraft.server.dedicated.DedicatedServer/]: Ryan0gard left the game
